1:C 12 Apr 2019 22:16:21.329 # oO0OoO0OoO0Oo Redis is starting oO0OoO0OoO0Oo
1:C 12 Apr 2019 22:16:21.332 # Redis version=5.0.4, bits=64, commit=00000000, modified=0, pid=1, just started
1:C 12 Apr 2019 22:16:21.335 # Configuration loaded
1:M 12 Apr 2019 22:16:21.343 * No cluster configuration found, I'm b055a185afaf9853583e577fa23b94a29fef6963
                _._                                                  
           _.-``__ ''-._                                             
      _.-``    `.  `_.  ''-._           Redis 5.0.4 (00000000/0) 64 bit
  .-`` .-```.  ```\/    _.,_ ''-._                                   
 (    '      ,       .-`  | `,    )     Running in cluster mode
 |`-._`-...-` __...-.``-._|'` _.-'|     Port: 6384
 |    `-._   `._    /     _.-'    |     PID: 1
  `-._    `-._  `-./  _.-'    _.-'                                   
 |`-._`-._    `-.__.-'    _.-'_.-'|                                  
 |    `-._`-._        _.-'_.-'    |           http://redis.io        
  `-._    `-._`-.__.-'_.-'    _.-'                                   
 |`-._`-._    `-.__.-'    _.-'_.-'|                                  
 |    `-._`-._        _.-'_.-'    |                                  
  `-._    `-._`-.__.-'_.-'    _.-'                                   
      `-._    `-.__.-'    _.-'                                       
          `-._        _.-'                                           
              `-.__.-'                                               

1:M 12 Apr 2019 22:16:21.365 # Server initialized
1:M 12 Apr 2019 22:16:21.367 # WARNING you have Transparent Huge Pages (THP) support enabled in your kernel. This will create latency and memory usage issues with Redis. To fix this issue run the command 'echo never > /sys/kernel/mm/transparent_hugepage/enabled' as root, and add it to your /etc/rc.local in order to retain the setting after a reboot. Redis must be restarted after THP is disabled.
1:M 12 Apr 2019 22:16:21.373 * Ready to accept connections
1:signal-handler (1555078772) Received SIGTERM scheduling shutdown...
1:M 12 Apr 2019 22:19:32.295 # User requested shutdown...
1:M 12 Apr 2019 22:19:32.297 * Calling fsync() on the AOF file.
1:M 12 Apr 2019 22:19:32.300 * Saving the final RDB snapshot before exiting.
1:M 12 Apr 2019 22:19:32.307 * DB saved on disk
1:M 12 Apr 2019 22:19:32.309 * Removing the pid file.
1:M 12 Apr 2019 22:19:32.312 # Redis is now ready to exit, bye bye...
