1:C 13 Apr 2019 00:04:38.506 # oO0OoO0OoO0Oo Redis is starting oO0OoO0OoO0Oo
1:C 13 Apr 2019 00:04:38.510 # Redis version=5.0.4, bits=64, commit=00000000, modified=0, pid=1, just started
1:C 13 Apr 2019 00:04:38.512 # Configuration loaded
1:M 13 Apr 2019 00:04:38.518 * No cluster configuration found, I'm d6df3f06d1b83cb6b98b10255294d9c1e440d4fe
                _._                                                  
           _.-``__ ''-._                                             
      _.-``    `.  `_.  ''-._           Redis 5.0.4 (00000000/0) 64 bit
  .-`` .-```.  ```\/    _.,_ ''-._                                   
 (    '      ,       .-`  | `,    )     Running in cluster mode
 |`-._`-...-` __...-.``-._|'` _.-'|     Port: 6381
 |    `-._   `._    /     _.-'    |     PID: 1
  `-._    `-._  `-./  _.-'    _.-'                                   
 |`-._`-._    `-.__.-'    _.-'_.-'|                                  
 |    `-._`-._        _.-'_.-'    |           http://redis.io        
  `-._    `-._`-.__.-'_.-'    _.-'                                   
 |`-._`-._    `-.__.-'    _.-'_.-'|                                  
 |    `-._`-._        _.-'_.-'    |                                  
  `-._    `-._`-.__.-'_.-'    _.-'                                   
      `-._    `-.__.-'    _.-'                                       
          `-._        _.-'                                           
              `-.__.-'                                               

1:M 13 Apr 2019 00:04:38.524 # WARNING: The TCP backlog setting of 511 cannot be enforced because /proc/sys/net/core/somaxconn is set to the lower value of 128.
1:M 13 Apr 2019 00:04:38.525 # Server initialized
1:M 13 Apr 2019 00:04:38.527 # WARNING you have Transparent Huge Pages (THP) support enabled in your kernel. This will create latency and memory usage issues with Redis. To fix this issue run the command 'echo never > /sys/kernel/mm/transparent_hugepage/enabled' as root, and add it to your /etc/rc.local in order to retain the setting after a reboot. Redis must be restarted after THP is disabled.
1:M 13 Apr 2019 00:04:38.530 * Ready to accept connections
1:M 13 Apr 2019 00:05:15.292 # configEpoch set to 3 via CLUSTER SET-CONFIG-EPOCH
1:signal-handler (1555085660) Received SIGTERM scheduling shutdown...
1:M 13 Apr 2019 00:14:20.530 # User requested shutdown...
1:M 13 Apr 2019 00:14:20.535 * Calling fsync() on the AOF file.
1:M 13 Apr 2019 00:14:20.539 * Saving the final RDB snapshot before exiting.
1:M 13 Apr 2019 00:14:20.550 * DB saved on disk
1:M 13 Apr 2019 00:14:20.554 * Removing the pid file.
1:M 13 Apr 2019 00:14:20.558 # Redis is now ready to exit, bye bye...
