1:C 13 Apr 2019 02:06:59.266 # oO0OoO0OoO0Oo Redis is starting oO0OoO0OoO0Oo
1:C 13 Apr 2019 02:06:59.271 # Redis version=5.0.4, bits=64, commit=00000000, modified=0, pid=1, just started
1:C 13 Apr 2019 02:06:59.274 # Configuration loaded
1:M 13 Apr 2019 02:06:59.281 * No cluster configuration found, I'm be819c89c86d958438658b6eb9fd896a986b1d03
                _._                                                  
           _.-``__ ''-._                                             
      _.-``    `.  `_.  ''-._           Redis 5.0.4 (00000000/0) 64 bit
  .-`` .-```.  ```\/    _.,_ ''-._                                   
 (    '      ,       .-`  | `,    )     Running in cluster mode
 |`-._`-...-` __...-.``-._|'` _.-'|     Port: 6379
 |    `-._   `._    /     _.-'    |     PID: 1
  `-._    `-._  `-./  _.-'    _.-'                                   
 |`-._`-._    `-.__.-'    _.-'_.-'|                                  
 |    `-._`-._        _.-'_.-'    |           http://redis.io        
  `-._    `-._`-.__.-'_.-'    _.-'                                   
 |`-._`-._    `-.__.-'    _.-'_.-'|                                  
 |    `-._`-._        _.-'_.-'    |                                  
  `-._    `-._`-.__.-'_.-'    _.-'                                   
      `-._    `-.__.-'    _.-'                                       
          `-._        _.-'                                           
              `-.__.-'                                               

1:M 13 Apr 2019 02:06:59.287 # WARNING: The TCP backlog setting of 511 cannot be enforced because /proc/sys/net/core/somaxconn is set to the lower value of 128.
1:M 13 Apr 2019 02:06:59.289 # Server initialized
1:M 13 Apr 2019 02:06:59.290 # WARNING you have Transparent Huge Pages (THP) support enabled in your kernel. This will create latency and memory usage issues with Redis. To fix this issue run the command 'echo never > /sys/kernel/mm/transparent_hugepage/enabled' as root, and add it to your /etc/rc.local in order to retain the setting after a reboot. Redis must be restarted after THP is disabled.
1:M 13 Apr 2019 02:06:59.293 * Ready to accept connections
1:M 13 Apr 2019 02:07:21.922 # configEpoch set to 2 via CLUSTER SET-CONFIG-EPOCH
1:M 13 Apr 2019 02:07:22.059 # IP address for this node updated to 172.16.238.12
1:M 13 Apr 2019 02:07:26.877 # Cluster state changed: ok
1:M 13 Apr 2019 02:07:28.206 * Replica 172.16.238.16:6379 asks for synchronization
1:M 13 Apr 2019 02:07:28.208 * Partial resynchronization not accepted: Replication ID mismatch (Replica asked for '9cec3768fa1609638ba91df016698dbe28dcb995', my replication IDs are '6e458982d3aeeb29db53fe3e627407e121189552' and '0000000000000000000000000000000000000000')
1:M 13 Apr 2019 02:07:28.209 * Starting BGSAVE for SYNC with target: disk
1:M 13 Apr 2019 02:07:28.211 * Background saving started by pid 18
18:C 13 Apr 2019 02:07:28.214 * DB saved on disk
18:C 13 Apr 2019 02:07:28.217 * RDB: 0 MB of memory used by copy-on-write
1:M 13 Apr 2019 02:07:28.294 * Background saving terminated with success
1:M 13 Apr 2019 02:07:28.300 * Synchronization with replica 172.16.238.16:6379 succeeded
